c:\users\chann\documents\cpp\graphics_2_2024\visual_studio\graphics_1\x64\debug\vc143.pdb
c:\users\chann\documents\cpp\graphics_2_2024\visual_studio\graphics_1\x64\debug\vc143.idb
c:\users\chann\documents\cpp\graphics_2_2024\visual_studio\graphics_1\x64\debug\shader.obj
c:\users\chann\documents\cpp\graphics_2_2024\visual_studio\graphics_1\x64\debug\main.obj
c:\users\chann\documents\cpp\graphics_2_2024\visual_studio\graphics_1\x64\debug\glfunctions.obj
c:\users\chann\documents\cpp\graphics_2_2024\graphics_1.exe
c:\users\chann\documents\cpp\graphics_2_2024\graphics_1.pdb
c:\users\chann\documents\cpp\graphics_2_2024\visual_studio\graphics_1\x64\debug\graphics_1.ilk
c:\users\chann\documents\cpp\graphics_project_2024\visual_studio\graphics_1\x64\debug\glfunctions.obj
c:\users\chann\documents\cpp\graphics_project_2024\visual_studio\graphics_1\x64\debug\main.obj
c:\users\chann\documents\cpp\graphics_project_2024\visual_studio\graphics_1\x64\debug\shader.obj
c:\users\chann\documents\cpp\graphics_project_2024\visual_studio\graphics_1\x64\debug\main.new.obj.enc
c:\users\chann\documents\cpp\graphics_project_2024\visual_studio\graphics_1\x64\debug\main.obj.enc
c:\users\chann\documents\cpp\graphics_project_2024\visual_studio\graphics_1\x64\debug\graphics_1.ilk
c:\users\chann\documents\cpp\graphics_project_2024\visual_studio\graphics_1\x64\debug\vc143.idb
c:\users\chann\documents\cpp\graphics_project_2024\visual_studio\graphics_1\x64\debug\vc143.pdb
c:\users\chann\documents\cpp\graphics_project_2024\graphics_1.exe
c:\users\chann\documents\cpp\graphics_project_2024\visual_studio\graphics_1\x64\debug\graphics_1.tlog\cl.command.1.tlog
c:\users\chann\documents\cpp\graphics_project_2024\visual_studio\graphics_1\x64\debug\graphics_1.tlog\cl.items.tlog
c:\users\chann\documents\cpp\graphics_project_2024\visual_studio\graphics_1\x64\debug\graphics_1.tlog\cl.read.1.tlog
c:\users\chann\documents\cpp\graphics_project_2024\visual_studio\graphics_1\x64\debug\graphics_1.tlog\cl.write.1.tlog
c:\users\chann\documents\cpp\graphics_project_2024\visual_studio\graphics_1\x64\debug\graphics_1.tlog\link.command.1.tlog
c:\users\chann\documents\cpp\graphics_project_2024\visual_studio\graphics_1\x64\debug\graphics_1.tlog\link.read.1.tlog
c:\users\chann\documents\cpp\graphics_project_2024\visual_studio\graphics_1\x64\debug\graphics_1.tlog\link.secondary.1.tlog
c:\users\chann\documents\cpp\graphics_project_2024\visual_studio\graphics_1\x64\debug\graphics_1.tlog\link.write.1.tlog
c:\users\chann\documents\cpp\graphics_project_2024\visual_studio\graphics_1\x64\debug\graphics_1.tlog\..\graphics_1.ilk
